Change Component Comment : Designator=D100 Old Comment=1N4148 New Comment=Red
Change Component Comment : Designator=D101 Old Comment=1N4148 New Comment=Red
Added Member To Class: ClassName=32直立车-原理图 Member=Component 12V-IN Power12
Added Member To Class: ClassName=32直立车-原理图 Member=Component B1 Motor Servo
Added Member To Class: ClassName=32直立车-原理图 Member=Component B2 Motor Servo
Added Member To Class: ClassName=32直立车-原理图 Member=Component C1 107/12V
Added Member To Class: ClassName=32直立车-原理图 Member=Component C2 470nF
Added Member To Class: ClassName=32直立车-原理图 Member=Component C3 104
Added Member To Class: ClassName=32直立车-原理图 Member=Component C4 105/12V
Added Member To Class: ClassName=32直立车-原理图 Member=Component C5 106/12V
Added Member To Class: ClassName=32直立车-原理图 Member=Component C6 104
Added Member To Class: ClassName=32直立车-原理图 Member=Component C7 105/12V
Added Member To Class: ClassName=32直立车-原理图 Member=Component C8 107/12V
Added Member To Class: ClassName=32直立车-原理图 Member=Component C9 470nF
Added Member To Class: ClassName=32直立车-原理图 Member=Component C10 104
Added Member To Class: ClassName=32直立车-原理图 Member=Component C11 105/12V
Added Member To Class: ClassName=32直立车-原理图 Member=Component C12 106/12V
Added Member To Class: ClassName=32直立车-原理图 Member=Component C13 104
Added Member To Class: ClassName=32直立车-原理图 Member=Component C14 105/12V
Added Member To Class: ClassName=32直立车-原理图 Member=Component C30 220uF/12V
Added Member To Class: ClassName=32直立车-原理图 Member=Component C31 22uF/12V
Added Member To Class: ClassName=32直立车-原理图 Member=Component C32 104
Added Member To Class: ClassName=32直立车-原理图 Member=Component C33 104
Added Member To Class: ClassName=32直立车-原理图 Member=Component C34 104
Added Member To Class: ClassName=32直立车-原理图 Member=Component C35 102
Added Member To Class: ClassName=32直立车-原理图 Member=Component C36 22uF
Added Member To Class: ClassName=32直立车-原理图 Member=Component C37 22uF
Added Member To Class: ClassName=32直立车-原理图 Member=Component C38 330nf
Added Member To Class: ClassName=32直立车-原理图 Member=Component C39 Cap Pol2
Added Member To Class: ClassName=32直立车-原理图 Member=Component C40 104
Added Member To Class: ClassName=32直立车-原理图 Member=Component C41 104
Added Member To Class: ClassName=32直立车-原理图 Member=Component C42 104
Added Member To Class: ClassName=32直立车-原理图 Member=Component C43 106/3V3
Added Member To Class: ClassName=32直立车-原理图 Member=Component C50 104
Added Member To Class: ClassName=32直立车-原理图 Member=Component C51 104
Added Member To Class: ClassName=32直立车-原理图 Member=Component C52 104
Added Member To Class: ClassName=32直立车-原理图 Member=Component C53 104
Added Member To Class: ClassName=32直立车-原理图 Member=Component C54 104
Added Member To Class: ClassName=32直立车-原理图 Member=Component C55 104
Added Member To Class: ClassName=32直立车-原理图 Member=Component C56 22pF
Added Member To Class: ClassName=32直立车-原理图 Member=Component C57 22pF
Added Member To Class: ClassName=32直立车-原理图 Member=Component C60 105
Added Member To Class: ClassName=32直立车-原理图 Member=Component C61 105
Added Member To Class: ClassName=32直立车-原理图 Member=Component C62 4.7uf
Added Member To Class: ClassName=32直立车-原理图 Member=Component C63 2.2uf
Added Member To Class: ClassName=32直立车-原理图 Member=Component C64 104
Added Member To Class: ClassName=32直立车-原理图 Member=Component C65 105
Added Member To Class: ClassName=32直立车-原理图 Member=Component C66 106/3V3
Added Member To Class: ClassName=32直立车-原理图 Member=Component C102 Cap Pol2
Added Member To Class: ClassName=32直立车-原理图 Member=Component D1 1N5819
Added Member To Class: ClassName=32直立车-原理图 Member=Component D2 1N5819
Added Member To Class: ClassName=32直立车-原理图 Member=Component D100 Red
Added Member To Class: ClassName=32直立车-原理图 Member=Component D101 Red
Added Member To Class: ClassName=32直立车-原理图 Member=Component F4 500mA
Added Member To Class: ClassName=32直立车-原理图 Member=Component L30 4.7uH
Added Member To Class: ClassName=32直立车-原理图 Member=Component LED1 Red
Added Member To Class: ClassName=32直立车-原理图 Member=Component LED2 Red
Added Member To Class: ClassName=32直立车-原理图 Member=Component LED3 Red
Added Member To Class: ClassName=32直立车-原理图 Member=Component LED4 Red
Added Member To Class: ClassName=32直立车-原理图 Member=Component P1 
Added Member To Class: ClassName=32直立车-原理图 Member=Component P2 陀螺仪、编码器
Added Member To Class: ClassName=32直立车-原理图 Member=Component P3 
Added Member To Class: ClassName=32直立车-原理图 Member=Component Q1 NMOS-2
Added Member To Class: ClassName=32直立车-原理图 Member=Component Q2 NMOS-2
Added Member To Class: ClassName=32直立车-原理图 Member=Component Q3 NMOS-2
Added Member To Class: ClassName=32直立车-原理图 Member=Component Q4 NMOS-2
Added Member To Class: ClassName=32直立车-原理图 Member=Component Q5 NMOS-2
Added Member To Class: ClassName=32直立车-原理图 Member=Component Q6 NMOS-2
Added Member To Class: ClassName=32直立车-原理图 Member=Component Q7 NMOS-2
Added Member To Class: ClassName=32直立车-原理图 Member=Component Q8 NMOS-2
Added Member To Class: ClassName=32直立车-原理图 Member=Component Q50 NPN
Added Member To Class: ClassName=32直立车-原理图 Member=Component R1 4R7
Added Member To Class: ClassName=32直立车-原理图 Member=Component R2 10K
Added Member To Class: ClassName=32直立车-原理图 Member=Component R3 10K
Added Member To Class: ClassName=32直立车-原理图 Member=Component R4 4R7
Added Member To Class: ClassName=32直立车-原理图 Member=Component R5 4R7
Added Member To Class: ClassName=32直立车-原理图 Member=Component R6 4R7
Added Member To Class: ClassName=32直立车-原理图 Member=Component R7 20K
Added Member To Class: ClassName=32直立车-原理图 Member=Component R8 22K
Added Member To Class: ClassName=32直立车-原理图 Member=Component R9 10K
Added Member To Class: ClassName=32直立车-原理图 Member=Component R10 4R7
Added Member To Class: ClassName=32直立车-原理图 Member=Component R11 10K
Added Member To Class: ClassName=32直立车-原理图 Member=Component R12 10K
Added Member To Class: ClassName=32直立车-原理图 Member=Component R13 4R7
Added Member To Class: ClassName=32直立车-原理图 Member=Component R14 4R7
Added Member To Class: ClassName=32直立车-原理图 Member=Component R15 4R7
Added Member To Class: ClassName=32直立车-原理图 Member=Component R16 20K
Added Member To Class: ClassName=32直立车-原理图 Member=Component R17 22K
Added Member To Class: ClassName=32直立车-原理图 Member=Component R18 10K
Added Member To Class: ClassName=32直立车-原理图 Member=Component R30 20
Added Member To Class: ClassName=32直立车-原理图 Member=Component R31 20K
Added Member To Class: ClassName=32直立车-原理图 Member=Component R32 40.2K
Added Member To Class: ClassName=32直立车-原理图 Member=Component R33 75K
Added Member To Class: ClassName=32直立车-原理图 Member=Component R34 7.5K
Added Member To Class: ClassName=32直立车-原理图 Member=Component R35 100K
Added Member To Class: ClassName=32直立车-原理图 Member=Component R36 0
Added Member To Class: ClassName=32直立车-原理图 Member=Component R37 10k
Added Member To Class: ClassName=32直立车-原理图 Member=Component R38 0
Added Member To Class: ClassName=32直立车-原理图 Member=Component R41 10K
Added Member To Class: ClassName=32直立车-原理图 Member=Component R42 4.7K
Added Member To Class: ClassName=32直立车-原理图 Member=Component R43 4.7K
Added Member To Class: ClassName=32直立车-原理图 Member=Component R44 4.7K
Added Member To Class: ClassName=32直立车-原理图 Member=Component R50 10K
Added Member To Class: ClassName=32直立车-原理图 Member=Component R51 10K
Added Member To Class: ClassName=32直立车-原理图 Member=Component R53 1K
Added Member To Class: ClassName=32直立车-原理图 Member=Component R60 910k
Added Member To Class: ClassName=32直立车-原理图 Member=Component S1 switch
Added Member To Class: ClassName=32直立车-原理图 Member=Component S50 SW-PB
Added Member To Class: ClassName=32直立车-原理图 Member=Component SPEAKER1 有源蜂鸣器
Added Member To Class: ClassName=32直立车-原理图 Member=Component U1 A4957
Added Member To Class: ClassName=32直立车-原理图 Member=Component U2 A4957
Added Member To Class: ClassName=32直立车-原理图 Member=Component U5 五向按键
Added Member To Class: ClassName=32直立车-原理图 Member=Component U6 TPS7333
Added Member To Class: ClassName=32直立车-原理图 Member=Component U9 oled
Added Member To Class: ClassName=32直立车-原理图 Member=Component U10 STM32F101CBT6
Added Member To Class: ClassName=32直立车-原理图 Member=Component U30 MP2315
Added Member To Class: ClassName=32直立车-原理图 Member=Component U100 TPS7333
Added Member To Class: ClassName=32直立车-原理图 Member=Component USB1 USB-5P
Added Member To Class: ClassName=32直立车-原理图 Member=Component USB2 USB-5P
Added Member To Class: ClassName=32直立车-原理图 Member=Component Y5 Frequency
Added Room: Name=32直立车-原理图
