Added Component: Designator=12V-IN(VBAT-2)
Added Component: Designator=AR1(VR3296-1)
Added Component: Designator=AR2(VR3296-1)
Added Component: Designator=B1(RAD-0.4)
Added Component: Designator=B2(RAD-0.4)
Added Component: Designator=C1(CAPT7343)
Added Component: Designator=C2(CAPC1608[0603])
Added Component: Designator=C3(CAPC1608[0603])
Added Component: Designator=C4(CAPC1608[0603])
Added Component: Designator=C5(CAPC2012[0805])
Added Component: Designator=C6(CAPC1608[0603])
Added Component: Designator=C7(CAPC1608[0603])
Added Component: Designator=C8(CAPT7343)
Added Component: Designator=C9(CAPC1608[0603])
Added Component: Designator=C10(CAPC1608[0603])
Added Component: Designator=C11(CAPC1608[0603])
Added Component: Designator=C12(CAPC2012[0805])
Added Component: Designator=C13(CAPC1608[0603])
Added Component: Designator=C14(CAPC1608[0603])
Added Component: Designator=C30(CAPT7343)
Added Component: Designator=C31(CAPC2012[0805])
Added Component: Designator=C32(CAPC1608[0603])
Added Component: Designator=C33(CAPC1608[0603])
Added Component: Designator=C34(CAPC1608[0603])
Added Component: Designator=C35(CAPC1608[0603])
Added Component: Designator=C36(CAPC2012[0805])
Added Component: Designator=C37(CAPC2012[0805])
Added Component: Designator=C38(CAPC1608[0603])
Added Component: Designator=C39(CAPT7343)
Added Component: Designator=C40(CAPC1608[0603])
Added Component: Designator=C41(CAPC1608[0603])
Added Component: Designator=C42(CAPC1608[0603])
Added Component: Designator=C43(CAPC1608[0603])
Added Component: Designator=C50(CAPC1608[0603])
Added Component: Designator=C51(CAPC1608[0603])
Added Component: Designator=C52(CAPC1608[0603])
Added Component: Designator=C53(CAPC1608[0603])
Added Component: Designator=C54(CAPC1608[0603])
Added Component: Designator=C55(CAPC1608[0603])
Added Component: Designator=C56(CAPC1608[0603])
Added Component: Designator=C57(CAPC1608[0603])
Added Component: Designator=C60(CAPC1608[0603])
Added Component: Designator=C61(CAPC1608[0603])
Added Component: Designator=C62(CAPC2012[0805])
Added Component: Designator=C63(CAPC1608[0603])
Added Component: Designator=C64(CAPC1608[0603])
Added Component: Designator=C65(CAPC1608[0603])
Added Component: Designator=C66(CAPC2012[0805])
Added Component: Designator=C71(CAPC1608[0603])
Added Component: Designator=C72(CAPC1608[0603])
Added Component: Designator=C73(CAPC1608[0603])
Added Component: Designator=C74(CAPC1608[0603])
Added Component: Designator=D1(SMA[DO-214AC])
Added Component: Designator=D2(SMA[DO-214AC])
Added Component: Designator=F4(CAPC2012[0805])
Added Component: Designator=L30(CD52)
Added Component: Designator=LED1(LED-0603)
Added Component: Designator=LED2(LED-0603)
Added Component: Designator=LED3(LED-0603)
Added Component: Designator=LED4(LED-0603)
Added Component: Designator=OP-U2(SOP8)
Added Component: Designator=P1(MK1.25_4P立)
Added Component: Designator=P2(MK1.25_6P立)
Added Component: Designator=P3(MK1.25_3P立)
Added Component: Designator=P4(HDR1X2)
Added Component: Designator=Q1(IR7843-mg)
Added Component: Designator=Q2(IR7843-mg)
Added Component: Designator=Q3(IR7843-mg)
Added Component: Designator=Q4(IR7843-mg)
Added Component: Designator=Q5(IR7843-mg)
Added Component: Designator=Q6(IR7843-mg)
Added Component: Designator=Q7(IR7843-mg)
Added Component: Designator=Q8(IR7843-mg)
Added Component: Designator=Q50(SOT23)
Added Component: Designator=R1(RESC1608[0603])
Added Component: Designator=R2(RESC1608[0603])
Added Component: Designator=R3(RESC1608[0603])
Added Component: Designator=R4(RESC1608[0603])
Added Component: Designator=R5(RESC1608[0603])
Added Component: Designator=R6(RESC1608[0603])
Added Component: Designator=R7(RESC1608[0603])
Added Component: Designator=R8(RESC1608[0603])
Added Component: Designator=R9(RESC1608[0603])
Added Component: Designator=R10(RESC1608[0603])
Added Component: Designator=R11(RESC1608[0603])
Added Component: Designator=R12(RESC1608[0603])
Added Component: Designator=R13(RESC1608[0603])
Added Component: Designator=R14(RESC1608[0603])
Added Component: Designator=R15(RESC1608[0603])
Added Component: Designator=R16(RESC1608[0603])
Added Component: Designator=R17(RESC1608[0603])
Added Component: Designator=R18(RESC1608[0603])
Added Component: Designator=R30(RESC1608[0603])
Added Component: Designator=R31(RESC1608[0603])
Added Component: Designator=R32(RESC1608[0603])
Added Component: Designator=R33(RESC1608[0603])
Added Component: Designator=R34(RESC1608[0603])
Added Component: Designator=R35(RESC1608[0603])
Added Component: Designator=R36(RESC1608[0603])
Added Component: Designator=R37(RESC1608[0603])
Added Component: Designator=R38(RESC1608[0603])
Added Component: Designator=R41(RESC1608[0603])
Added Component: Designator=R42(RESC1608[0603])
Added Component: Designator=R43(RESC1608[0603])
Added Component: Designator=R44(RESC1608[0603])
Added Component: Designator=R50(RESC1608[0603])
Added Component: Designator=R51(RESC1608[0603])
Added Component: Designator=R52(RESC1608[0603])
Added Component: Designator=R53(RESC1608[0603])
Added Component: Designator=R60(RESC1608[0603])
Added Component: Designator=R71(RESC1608[0603])
Added Component: Designator=R72(RESC1608[0603])
Added Component: Designator=R73(RESC1608[0603])
Added Component: Designator=R74(RESC1608[0603])
Added Component: Designator=R75(RESC1608[0603])
Added Component: Designator=R76(RESC1608[0603])
Added Component: Designator=R77(RESC1608[0603])
Added Component: Designator=R78(RESC1608[0603])
Added Component: Designator=S1(3脚3A开关-贴)
Added Component: Designator=S50(key3*4*2)
Added Component: Designator=SPEAKER1(小Beep)
Added Component: Designator=U1(QFN-24)
Added Component: Designator=U2(QFN-24)
Added Component: Designator=U5(5向key-小)
Added Component: Designator=U6(SOP8)
Added Component: Designator=U9(oled)
Added Component: Designator=U10(LQFP48_N)
Added Component: Designator=U30(SO8)
Added Component: Designator=USB1(Micro USB 牛角)
Added Component: Designator=USB2(Micro USB 牛角)
Added Component: Designator=Y5(XTAL-PINGBI)
Added Pin To Net: NetName=Net12V-IN_1 Pin=12V-IN-1
Added Pin To Net: NetName=A-GND Pin=12V-IN-2
Added Pin To Net: NetName=NetAR1_1 Pin=AR1-1
Added Pin To Net: NetName=NetAR1_2 Pin=AR1-2
Added Pin To Net: NetName=NetAR2_1 Pin=AR2-1
Added Pin To Net: NetName=NetAR2_2 Pin=AR2-2
Added Pin To Net: NetName=SA-1 Pin=B1-1
Added Pin To Net: NetName=SB-1 Pin=B1-2
Added Pin To Net: NetName=SA-2 Pin=B2-1
Added Pin To Net: NetName=SB-2 Pin=B2-2
Added Pin To Net: NetName=A-GND Pin=C1-1
Added Pin To Net: NetName=12V Pin=C1-2
Added Pin To Net: NetName=NetC2_1 Pin=C2-1
Added Pin To Net: NetName=NetC2_2 Pin=C2-2
Added Pin To Net: NetName=A-GND Pin=C3-1
Added Pin To Net: NetName=VBB-1 Pin=C3-2
Added Pin To Net: NetName=CA-1 Pin=C4-1
Added Pin To Net: NetName=SA-1 Pin=C4-2
Added Pin To Net: NetName=A-GND Pin=C5-1
Added Pin To Net: NetName=NetC5_2 Pin=C5-2
Added Pin To Net: NetName=3V3 Pin=C6-1
Added Pin To Net: NetName=A-GND Pin=C6-2
Added Pin To Net: NetName=CB-1 Pin=C7-1
Added Pin To Net: NetName=SB-1 Pin=C7-2
Added Pin To Net: NetName=A-GND Pin=C8-1
Added Pin To Net: NetName=12V Pin=C8-2
Added Pin To Net: NetName=NetC9_1 Pin=C9-1
Added Pin To Net: NetName=NetC9_2 Pin=C9-2
Added Pin To Net: NetName=A-GND Pin=C10-1
Added Pin To Net: NetName=VBB-2 Pin=C10-2
Added Pin To Net: NetName=CA-2 Pin=C11-1
Added Pin To Net: NetName=SA-2 Pin=C11-2
Added Pin To Net: NetName=A-GND Pin=C12-1
Added Pin To Net: NetName=NetC12_2 Pin=C12-2
Added Pin To Net: NetName=3V3 Pin=C13-1
Added Pin To Net: NetName=A-GND Pin=C13-2
Added Pin To Net: NetName=CB-2 Pin=C14-1
Added Pin To Net: NetName=SB-2 Pin=C14-2
Added Pin To Net: NetName=12V Pin=C30-1
Added Pin To Net: NetName=A-GND Pin=C30-2
Added Pin To Net: NetName=12V Pin=C31-1
Added Pin To Net: NetName=A-GND Pin=C31-2
Added Pin To Net: NetName=12V Pin=C32-1
Added Pin To Net: NetName=A-GND Pin=C32-2
Added Pin To Net: NetName=NetC33_1 Pin=C33-1
Added Pin To Net: NetName=NetC33_2 Pin=C33-2
Added Pin To Net: NetName=NetC34_1 Pin=C34-1
Added Pin To Net: NetName=A-GND Pin=C34-2
Added Pin To Net: NetName=NetC35_1 Pin=C35-1
Added Pin To Net: NetName=A-GND Pin=C35-2
Added Pin To Net: NetName=A-GND Pin=C36-1
Added Pin To Net: NetName=C-5V Pin=C36-2
Added Pin To Net: NetName=A-GND Pin=C37-1
Added Pin To Net: NetName=C-5V Pin=C37-2
Added Pin To Net: NetName=C-5V Pin=C38-1
Added Pin To Net: NetName=NetC38_2 Pin=C38-2
Added Pin To Net: NetName=C-5V Pin=C39-1
Added Pin To Net: NetName=D-GND Pin=C39-2
Added Pin To Net: NetName=D-GND Pin=C40-1
Added Pin To Net: NetName=C-5V Pin=C40-2
Added Pin To Net: NetName=C-5V Pin=C41-1
Added Pin To Net: NetName=D-GND Pin=C41-2
Added Pin To Net: NetName=D-GND Pin=C42-1
Added Pin To Net: NetName=3V3 Pin=C42-2
Added Pin To Net: NetName=D-GND Pin=C43-1
Added Pin To Net: NetName=3V3 Pin=C43-2
Added Pin To Net: NetName=D-GND Pin=C50-1
Added Pin To Net: NetName=NRST Pin=C50-2
Added Pin To Net: NetName=D-GND Pin=C51-1
Added Pin To Net: NetName=C-3V3 Pin=C51-2
Added Pin To Net: NetName=D-GND Pin=C52-1
Added Pin To Net: NetName=C-3V3 Pin=C52-2
Added Pin To Net: NetName=D-GND Pin=C53-1
Added Pin To Net: NetName=C-3V3 Pin=C53-2
Added Pin To Net: NetName=D-GND Pin=C54-1
Added Pin To Net: NetName=C-3V3 Pin=C54-2
Added Pin To Net: NetName=D-GND Pin=C55-1
Added Pin To Net: NetName=C-3V3 Pin=C55-2
Added Pin To Net: NetName=D-GND Pin=C56-1
Added Pin To Net: NetName=OSC-IN Pin=C56-2
Added Pin To Net: NetName=D-GND Pin=C57-1
Added Pin To Net: NetName=OSC-OUT Pin=C57-2
Added Pin To Net: NetName=NetC60_1 Pin=C60-1
Added Pin To Net: NetName=NetC60_2 Pin=C60-2
Added Pin To Net: NetName=NetC61_1 Pin=C61-1
Added Pin To Net: NetName=NetC61_2 Pin=C61-2
Added Pin To Net: NetName=NetC62_1 Pin=C62-1
Added Pin To Net: NetName=D-GND Pin=C62-2
Added Pin To Net: NetName=NetC63_1 Pin=C63-1
Added Pin To Net: NetName=D-GND Pin=C63-2
Added Pin To Net: NetName=C-3V3 Pin=C64-1
Added Pin To Net: NetName=D-GND Pin=C64-2
Added Pin To Net: NetName=C-3V3 Pin=C65-1
Added Pin To Net: NetName=D-GND Pin=C65-2
Added Pin To Net: NetName=C-3V3 Pin=C66-1
Added Pin To Net: NetName=D-GND Pin=C66-2
Added Pin To Net: NetName=AD-1 Pin=C71-1
Added Pin To Net: NetName=D-GND Pin=C71-2
Added Pin To Net: NetName=AD-2 Pin=C72-1
Added Pin To Net: NetName=D-GND Pin=C72-2
Added Pin To Net: NetName=AD-1 Pin=C73-1
Added Pin To Net: NetName=D-GND Pin=C73-2
Added Pin To Net: NetName=AD-2 Pin=C74-1
Added Pin To Net: NetName=D-GND Pin=C74-2
Added Pin To Net: NetName=12V Pin=D1-A
Added Pin To Net: NetName=VBB-1 Pin=D1-K
Added Pin To Net: NetName=12V Pin=D2-A
Added Pin To Net: NetName=VBB-2 Pin=D2-K
Added Pin To Net: NetName=C-3V3 Pin=F4-1
Added Pin To Net: NetName=3V3 Pin=F4-2
Added Pin To Net: NetName=NetC33_1 Pin=L30-1
Added Pin To Net: NetName=C-5V Pin=L30-2
Added Pin To Net: NetName=NetAR1_2 Pin=OP-U2-1
Added Pin To Net: NetName=NetOP-U2_2 Pin=OP-U2-2
Added Pin To Net: NetName=NetOP-U2_3 Pin=OP-U2-3
Added Pin To Net: NetName=D-GND Pin=OP-U2-4
Added Pin To Net: NetName=NetOP-U2_5 Pin=OP-U2-5
Added Pin To Net: NetName=NetOP-U2_6 Pin=OP-U2-6
Added Pin To Net: NetName=NetAR2_1 Pin=OP-U2-7
Added Pin To Net: NetName=C-3V3 Pin=OP-U2-8
Added Pin To Net: NetName=BLUETOOTH-TX Pin=P1-1
Added Pin To Net: NetName=BLUETOOTH-RX Pin=P1-2
Added Pin To Net: NetName=D-GND Pin=P1-3
Added Pin To Net: NetName=C-5V Pin=P1-4
Added Pin To Net: NetName=C-3V3 Pin=P2-1
Added Pin To Net: NetName=D-GND Pin=P2-2
Added Pin To Net: NetName=MPU6050-SCL Pin=P2-3
Added Pin To Net: NetName=MPU6050-SDA Pin=P2-4
Added Pin To Net: NetName=ENCODER-1 Pin=P2-5
Added Pin To Net: NetName=ENCODER-2 Pin=P2-6
Added Pin To Net: NetName=INDUCTOR-1 Pin=P3-1
Added Pin To Net: NetName=D-GND Pin=P3-2
Added Pin To Net: NetName=INDUCTOR-2 Pin=P3-3
Added Pin To Net: NetName=BOOT0 Pin=P4-1
Added Pin To Net: NetName=D-GND Pin=P4-2
Added Pin To Net: NetName=NetQ1_1 Pin=Q1-1
Added Pin To Net: NetName=12V Pin=Q1-2
Added Pin To Net: NetName=SA-1 Pin=Q1-3
Added Pin To Net: NetName=NetQ2_1 Pin=Q2-1
Added Pin To Net: NetName=SA-1 Pin=Q2-2
Added Pin To Net: NetName=A-GND Pin=Q2-3
Added Pin To Net: NetName=NetQ3_1 Pin=Q3-1
Added Pin To Net: NetName=12V Pin=Q3-2
Added Pin To Net: NetName=SB-1 Pin=Q3-3
Added Pin To Net: NetName=NetQ4_1 Pin=Q4-1
Added Pin To Net: NetName=SB-1 Pin=Q4-2
Added Pin To Net: NetName=A-GND Pin=Q4-3
Added Pin To Net: NetName=NetQ5_1 Pin=Q5-1
Added Pin To Net: NetName=12V Pin=Q5-2
Added Pin To Net: NetName=SA-2 Pin=Q5-3
Added Pin To Net: NetName=NetQ6_1 Pin=Q6-1
Added Pin To Net: NetName=SA-2 Pin=Q6-2
Added Pin To Net: NetName=A-GND Pin=Q6-3
Added Pin To Net: NetName=NetQ7_1 Pin=Q7-1
Added Pin To Net: NetName=12V Pin=Q7-2
Added Pin To Net: NetName=SB-2 Pin=Q7-3
Added Pin To Net: NetName=NetQ8_1 Pin=Q8-1
Added Pin To Net: NetName=SB-2 Pin=Q8-2
Added Pin To Net: NetName=A-GND Pin=Q8-3
Added Pin To Net: NetName=NetQ50_1 Pin=Q50-1
Added Pin To Net: NetName=NetQ50_2 Pin=Q50-2
Added Pin To Net: NetName=C-3V3 Pin=Q50-3
Added Pin To Net: NetName=NetQ1_1 Pin=R1-1
Added Pin To Net: NetName=GHA-1 Pin=R1-2
Added Pin To Net: NetName=MOTOR-1-B Pin=R2-1
Added Pin To Net: NetName=A-GND Pin=R2-2
Added Pin To Net: NetName=MOTOR-1-A Pin=R3-1
Added Pin To Net: NetName=A-GND Pin=R3-2
Added Pin To Net: NetName=GLA-1 Pin=R4-1
Added Pin To Net: NetName=NetQ2_1 Pin=R4-2
Added Pin To Net: NetName=NetQ3_1 Pin=R5-1
Added Pin To Net: NetName=GHB-1 Pin=R5-2
Added Pin To Net: NetName=GLB-1 Pin=R6-1
Added Pin To Net: NetName=NetQ4_1 Pin=R6-2
Added Pin To Net: NetName=NetR7_1 Pin=R7-1
Added Pin To Net: NetName=A-GND Pin=R7-2
Added Pin To Net: NetName=NetR8_1 Pin=R8-1
Added Pin To Net: NetName=VBB-1 Pin=R8-2
Added Pin To Net: NetName=3V3 Pin=R9-1
Added Pin To Net: NetName=NetR9_2 Pin=R9-2
Added Pin To Net: NetName=NetQ5_1 Pin=R10-1
Added Pin To Net: NetName=GHA-2 Pin=R10-2
Added Pin To Net: NetName=MOTOR-2-B Pin=R11-1
Added Pin To Net: NetName=A-GND Pin=R11-2
Added Pin To Net: NetName=MOTOR-2-A Pin=R12-1
Added Pin To Net: NetName=A-GND Pin=R12-2
Added Pin To Net: NetName=GLA-2 Pin=R13-1
Added Pin To Net: NetName=NetQ6_1 Pin=R13-2
Added Pin To Net: NetName=NetQ7_1 Pin=R14-1
Added Pin To Net: NetName=GHB-2 Pin=R14-2
Added Pin To Net: NetName=GLB-2 Pin=R15-1
Added Pin To Net: NetName=NetQ8_1 Pin=R15-2
Added Pin To Net: NetName=NetR16_1 Pin=R16-1
Added Pin To Net: NetName=A-GND Pin=R16-2
Added Pin To Net: NetName=NetR17_1 Pin=R17-1
Added Pin To Net: NetName=VBB-2 Pin=R17-2
Added Pin To Net: NetName=3V3 Pin=R18-1
Added Pin To Net: NetName=NetR18_2 Pin=R18-2
Added Pin To Net: NetName=NetC33_2 Pin=R30-1
Added Pin To Net: NetName=NetR30_2 Pin=R30-2
Added Pin To Net: NetName=NetR31_1 Pin=R31-1
Added Pin To Net: NetName=NetR31_2 Pin=R31-2
Added Pin To Net: NetName=NetR31_1 Pin=R32-1
Added Pin To Net: NetName=C-5V Pin=R32-2
Added Pin To Net: NetName=A-GND Pin=R33-1
Added Pin To Net: NetName=NetC35_1 Pin=R33-2
Added Pin To Net: NetName=NetR31_1 Pin=R34-1
Added Pin To Net: NetName=A-GND Pin=R34-2
Added Pin To Net: NetName=NetR35_1 Pin=R35-1
Added Pin To Net: NetName=12V Pin=R35-2
Added Pin To Net: NetName=NetR31_1 Pin=R36-1
Added Pin To Net: NetName=NetC38_2 Pin=R36-2
Added Pin To Net: NetName=A-GND Pin=R37-1
Added Pin To Net: NetName=NetR35_1 Pin=R37-2
Added Pin To Net: NetName=D-GND Pin=R38-1
Added Pin To Net: NetName=A-GND Pin=R38-2
Added Pin To Net: NetName=NetLED1_A Pin=R41-1
Added Pin To Net: NetName=12V Pin=R41-2
Added Pin To Net: NetName=NetLED2_A Pin=R42-1
Added Pin To Net: NetName=C-5V Pin=R42-2
Added Pin To Net: NetName=NetLED3_A Pin=R43-1
Added Pin To Net: NetName=C-3V3 Pin=R43-2
Added Pin To Net: NetName=NetLED4_A Pin=R44-1
Added Pin To Net: NetName=C-3V3 Pin=R44-2
Added Pin To Net: NetName=NRST Pin=R50-1
Added Pin To Net: NetName=C-3V3 Pin=R50-2
Added Pin To Net: NetName=BOOT0 Pin=R51-1
Added Pin To Net: NetName=C-3V3 Pin=R51-2
Added Pin To Net: NetName=D-GND Pin=R52-1
Added Pin To Net: NetName=NetR52_2 Pin=R52-2
Added Pin To Net: NetName=BEEP Pin=R53-1
Added Pin To Net: NetName=NetQ50_2 Pin=R53-2
Added Pin To Net: NetName=D-GND Pin=R60-1
Added Pin To Net: NetName=NetR60_2 Pin=R60-2
Added Pin To Net: NetName=AD-1 Pin=R71-1
Added Pin To Net: NetName=NetAR1_2 Pin=R71-2
Added Pin To Net: NetName=AD-2 Pin=R72-1
Added Pin To Net: NetName=NetAR2_1 Pin=R72-2
Added Pin To Net: NetName=NetAR1_1 Pin=R73-1
Added Pin To Net: NetName=NetOP-U2_2 Pin=R73-2
Added Pin To Net: NetName=NetOP-U2_6 Pin=R74-1
Added Pin To Net: NetName=NetAR2_2 Pin=R74-2
Added Pin To Net: NetName=NetOP-U2_2 Pin=R75-1
Added Pin To Net: NetName=D-GND Pin=R75-2
Added Pin To Net: NetName=D-GND Pin=R76-1
Added Pin To Net: NetName=NetOP-U2_6 Pin=R76-2
Added Pin To Net: NetName=NetOP-U2_3 Pin=R77-1
Added Pin To Net: NetName=INDUCTOR-1 Pin=R77-2
Added Pin To Net: NetName=INDUCTOR-2 Pin=R78-1
Added Pin To Net: NetName=NetOP-U2_5 Pin=R78-2
Added Pin To Net: NetName=12V Pin=S1-1
Added Pin To Net: NetName=12V Pin=S1-1
Added Pin To Net: NetName=Net12V-IN_1 Pin=S1-2
Added Pin To Net: NetName=Net12V-IN_1 Pin=S1-2
Added Pin To Net: NetName=D-GND Pin=S50-1
Added Pin To Net: NetName=NRST Pin=S50-2
Added Pin To Net: NetName=NetQ50_1 Pin=SPEAKER1-1
Added Pin To Net: NetName=D-GND Pin=SPEAKER1-2
Added Pin To Net: NetName=SA-1 Pin=U1-1
Added Pin To Net: NetName=GLA-1 Pin=U1-2
Added Pin To Net: NetName=VBB-1 Pin=U1-3
Added Pin To Net: NetName=NetC2_1 Pin=U1-4
Added Pin To Net: NetName=NetC2_2 Pin=U1-5
Added Pin To Net: NetName=A-GND Pin=U1-6
Added Pin To Net: NetName=A-GND Pin=U1-7
Added Pin To Net: NetName=MOTOR-1-A Pin=U1-8
Added Pin To Net: NetName=3V3 Pin=U1-9
Added Pin To Net: NetName=MOTOR-1-B Pin=U1-10
Added Pin To Net: NetName=3V3 Pin=U1-11
Added Pin To Net: NetName=3V3 Pin=U1-12
Added Pin To Net: NetName=A-GND Pin=U1-13
Added Pin To Net: NetName=NetR7_1 Pin=U1-14
Added Pin To Net: NetName=NetR9_2 Pin=U1-15
Added Pin To Net: NetName=NetR8_1 Pin=U1-16
Added Pin To Net: NetName=A-GND Pin=U1-17
Added Pin To Net: NetName=GLB-1 Pin=U1-18
Added Pin To Net: NetName=SB-1 Pin=U1-19
Added Pin To Net: NetName=GHB-1 Pin=U1-20
Added Pin To Net: NetName=CB-1 Pin=U1-21
Added Pin To Net: NetName=NetC5_2 Pin=U1-22
Added Pin To Net: NetName=CA-1 Pin=U1-23
Added Pin To Net: NetName=GHA-1 Pin=U1-24
Added Pin To Net: NetName=SA-2 Pin=U2-1
Added Pin To Net: NetName=GLA-2 Pin=U2-2
Added Pin To Net: NetName=VBB-2 Pin=U2-3
Added Pin To Net: NetName=NetC9_1 Pin=U2-4
Added Pin To Net: NetName=NetC9_2 Pin=U2-5
Added Pin To Net: NetName=A-GND Pin=U2-6
Added Pin To Net: NetName=A-GND Pin=U2-7
Added Pin To Net: NetName=MOTOR-2-A Pin=U2-8
Added Pin To Net: NetName=3V3 Pin=U2-9
Added Pin To Net: NetName=MOTOR-2-B Pin=U2-10
Added Pin To Net: NetName=3V3 Pin=U2-11
Added Pin To Net: NetName=3V3 Pin=U2-12
Added Pin To Net: NetName=A-GND Pin=U2-13
Added Pin To Net: NetName=NetR16_1 Pin=U2-14
Added Pin To Net: NetName=NetR18_2 Pin=U2-15
Added Pin To Net: NetName=NetR17_1 Pin=U2-16
Added Pin To Net: NetName=A-GND Pin=U2-17
Added Pin To Net: NetName=GLB-2 Pin=U2-18
Added Pin To Net: NetName=SB-2 Pin=U2-19
Added Pin To Net: NetName=GHB-2 Pin=U2-20
Added Pin To Net: NetName=CB-2 Pin=U2-21
Added Pin To Net: NetName=NetC12_2 Pin=U2-22
Added Pin To Net: NetName=CA-2 Pin=U2-23
Added Pin To Net: NetName=GHA-2 Pin=U2-24
Added Pin To Net: NetName=KEY-UP Pin=U5-1
Added Pin To Net: NetName=KEY-UP Pin=U5-1
Added Pin To Net: NetName=KEY-MID Pin=U5-2
Added Pin To Net: NetName=KEY-MID Pin=U5-2
Added Pin To Net: NetName=KEY-LEFT Pin=U5-3
Added Pin To Net: NetName=KEY-RIGHT Pin=U5-4
Added Pin To Net: NetName=NetR52_2 Pin=U5-5
Added Pin To Net: NetName=KEY-DOWN Pin=U5-6
Added Pin To Net: NetName=D-GND Pin=U6-1
Added Pin To Net: NetName=D-GND Pin=U6-2
Added Pin To Net: NetName=C-5V Pin=U6-3
Added Pin To Net: NetName=C-5V Pin=U6-4
Added Pin To Net: NetName=3V3 Pin=U6-5
Added Pin To Net: NetName=3V3 Pin=U6-6
Added Pin To Net: NetName=3V3 Pin=U6-7
Added Pin To Net: NetName=D-GND Pin=U9-1
Added Pin To Net: NetName=NetC60_1 Pin=U9-2
Added Pin To Net: NetName=NetC60_2 Pin=U9-3
Added Pin To Net: NetName=NetC61_1 Pin=U9-4
Added Pin To Net: NetName=NetC61_2 Pin=U9-5
Added Pin To Net: NetName=C-3V3 Pin=U9-6
Added Pin To Net: NetName=D-GND Pin=U9-8
Added Pin To Net: NetName=C-3V3 Pin=U9-9
Added Pin To Net: NetName=D-GND Pin=U9-10
Added Pin To Net: NetName=D-GND Pin=U9-11
Added Pin To Net: NetName=D-GND Pin=U9-12
Added Pin To Net: NetName=D-GND Pin=U9-13
Added Pin To Net: NetName=OLED-RST Pin=U9-14
Added Pin To Net: NetName=OLED-DC Pin=U9-15
Added Pin To Net: NetName=D-GND Pin=U9-16
Added Pin To Net: NetName=D-GND Pin=U9-17
Added Pin To Net: NetName=OLED-D0 Pin=U9-18
Added Pin To Net: NetName=OLED-D1 Pin=U9-19
Added Pin To Net: NetName=D-GND Pin=U9-21
Added Pin To Net: NetName=D-GND Pin=U9-22
Added Pin To Net: NetName=D-GND Pin=U9-23
Added Pin To Net: NetName=D-GND Pin=U9-24
Added Pin To Net: NetName=D-GND Pin=U9-25
Added Pin To Net: NetName=NetR60_2 Pin=U9-26
Added Pin To Net: NetName=NetC62_1 Pin=U9-27
Added Pin To Net: NetName=NetC63_1 Pin=U9-28
Added Pin To Net: NetName=D-GND Pin=U9-29
Added Pin To Net: NetName=D-GND Pin=U9-30
Added Pin To Net: NetName=C-3V3 Pin=U10-1
Added Pin To Net: NetName=KEY-DOWN Pin=U10-2
Added Pin To Net: NetName=LED Pin=U10-3
Added Pin To Net: NetName=PC15-NO Pin=U10-4
Added Pin To Net: NetName=OSC-IN Pin=U10-5
Added Pin To Net: NetName=OSC-OUT Pin=U10-6
Added Pin To Net: NetName=NRST Pin=U10-7
Added Pin To Net: NetName=D-GND Pin=U10-8
Added Pin To Net: NetName=C-3V3 Pin=U10-9
Added Pin To Net: NetName=MOTOR-1-A Pin=U10-10
Added Pin To Net: NetName=MOTOR-1-B Pin=U10-11
Added Pin To Net: NetName=MOTOR-2-A Pin=U10-12
Added Pin To Net: NetName=MOTOR-2-B Pin=U10-13
Added Pin To Net: NetName=AD-1 Pin=U10-14
Added Pin To Net: NetName=AD-2 Pin=U10-15
Added Pin To Net: NetName=ENCODER-2 Pin=U10-16
Added Pin To Net: NetName=ENCODER-1 Pin=U10-17
Added Pin To Net: NetName=MPU6050-SDA Pin=U10-18
Added Pin To Net: NetName=MPU6050-SCL Pin=U10-19
Added Pin To Net: NetName=BEEP Pin=U10-20
Added Pin To Net: NetName=BLUETOOTH-TX Pin=U10-21
Added Pin To Net: NetName=BLUETOOTH-RX Pin=U10-22
Added Pin To Net: NetName=D-GND Pin=U10-23
Added Pin To Net: NetName=C-3V3 Pin=U10-24
Added Pin To Net: NetName=PB12-NO Pin=U10-25
Added Pin To Net: NetName=PB13-NO Pin=U10-26
Added Pin To Net: NetName=PB14-NO Pin=U10-27
Added Pin To Net: NetName=PB15-NO Pin=U10-28
Added Pin To Net: NetName=PA8-NO Pin=U10-29
Added Pin To Net: NetName=UART1-TX Pin=U10-30
Added Pin To Net: NetName=UART1-RX Pin=U10-31
Added Pin To Net: NetName=PA11-NO Pin=U10-32
Added Pin To Net: NetName=PA12--NO Pin=U10-33
Added Pin To Net: NetName=SWDIO Pin=U10-34
Added Pin To Net: NetName=D-GND Pin=U10-35
Added Pin To Net: NetName=C-3V3 Pin=U10-36
Added Pin To Net: NetName=SWCLK Pin=U10-37
Added Pin To Net: NetName=OLED-D0 Pin=U10-38
Added Pin To Net: NetName=OLED-D1 Pin=U10-39
Added Pin To Net: NetName=OLED-RST Pin=U10-40
Added Pin To Net: NetName=OLED-DC Pin=U10-41
Added Pin To Net: NetName=KEY-UP Pin=U10-42
Added Pin To Net: NetName=KEY-MID Pin=U10-43
Added Pin To Net: NetName=BOOT0 Pin=U10-44
Added Pin To Net: NetName=KEY-LEFT Pin=U10-45
Added Pin To Net: NetName=KEY-RIGHT Pin=U10-46
Added Pin To Net: NetName=D-GND Pin=U10-47
Added Pin To Net: NetName=C-3V3 Pin=U10-48
Added Pin To Net: NetName=NetC35_1 Pin=U30-1
Added Pin To Net: NetName=12V Pin=U30-2
Added Pin To Net: NetName=NetC33_1 Pin=U30-3
Added Pin To Net: NetName=A-GND Pin=U30-4
Added Pin To Net: NetName=NetR30_2 Pin=U30-5
Added Pin To Net: NetName=NetR35_1 Pin=U30-6
Added Pin To Net: NetName=NetC34_1 Pin=U30-7
Added Pin To Net: NetName=NetR31_2 Pin=U30-8
Added Pin To Net: NetName=C-3V3 Pin=USB1-1
Added Pin To Net: NetName=UART1-RX Pin=USB1-2
Added Pin To Net: NetName=UART1-TX Pin=USB1-3
Added Pin To Net: NetName=D-GND Pin=USB1-5
Added Pin To Net: NetName=C-3V3 Pin=USB2-1
Added Pin To Net: NetName=SWDIO Pin=USB2-2
Added Pin To Net: NetName=SWCLK Pin=USB2-3
Added Pin To Net: NetName=D-GND Pin=USB2-5
Added Pin To Net: NetName=OSC-OUT Pin=Y5-1
Added Pin To Net: NetName=OSC-IN Pin=Y5-2
Added Member To Class: ClassName=32原理图 Member=Component 12V-IN Power12
Added Member To Class: ClassName=32原理图 Member=Component AR1 VR
Added Member To Class: ClassName=32原理图 Member=Component AR2 VR
Added Member To Class: ClassName=32原理图 Member=Component B1 Motor Servo
Added Member To Class: ClassName=32原理图 Member=Component B2 Motor Servo
Added Member To Class: ClassName=32原理图 Member=Component C1 107/12V
Added Member To Class: ClassName=32原理图 Member=Component C2 470nF
Added Member To Class: ClassName=32原理图 Member=Component C3 104
Added Member To Class: ClassName=32原理图 Member=Component C4 105/12V
Added Member To Class: ClassName=32原理图 Member=Component C5 106/12V
Added Member To Class: ClassName=32原理图 Member=Component C6 104
Added Member To Class: ClassName=32原理图 Member=Component C7 105/12V
Added Member To Class: ClassName=32原理图 Member=Component C8 107/12V
Added Member To Class: ClassName=32原理图 Member=Component C9 470nF
Added Member To Class: ClassName=32原理图 Member=Component C10 104
Added Member To Class: ClassName=32原理图 Member=Component C11 105/12V
Added Member To Class: ClassName=32原理图 Member=Component C12 106/12V
Added Member To Class: ClassName=32原理图 Member=Component C13 104
Added Member To Class: ClassName=32原理图 Member=Component C14 105/12V
Added Member To Class: ClassName=32原理图 Member=Component C30 220uF/12V
Added Member To Class: ClassName=32原理图 Member=Component C31 22uF/12V
Added Member To Class: ClassName=32原理图 Member=Component C32 104
Added Member To Class: ClassName=32原理图 Member=Component C33 104
Added Member To Class: ClassName=32原理图 Member=Component C34 104
Added Member To Class: ClassName=32原理图 Member=Component C35 102
Added Member To Class: ClassName=32原理图 Member=Component C36 22uF
Added Member To Class: ClassName=32原理图 Member=Component C37 22uF
Added Member To Class: ClassName=32原理图 Member=Component C38 330nf
Added Member To Class: ClassName=32原理图 Member=Component C39 Cap Pol2
Added Member To Class: ClassName=32原理图 Member=Component C40 104
Added Member To Class: ClassName=32原理图 Member=Component C41 104
Added Member To Class: ClassName=32原理图 Member=Component C42 104
Added Member To Class: ClassName=32原理图 Member=Component C43 106/3V3
Added Member To Class: ClassName=32原理图 Member=Component C50 104
Added Member To Class: ClassName=32原理图 Member=Component C51 104
Added Member To Class: ClassName=32原理图 Member=Component C52 104
Added Member To Class: ClassName=32原理图 Member=Component C53 104
Added Member To Class: ClassName=32原理图 Member=Component C54 104
Added Member To Class: ClassName=32原理图 Member=Component C55 104
Added Member To Class: ClassName=32原理图 Member=Component C56 22pF
Added Member To Class: ClassName=32原理图 Member=Component C57 22pF
Added Member To Class: ClassName=32原理图 Member=Component C60 105
Added Member To Class: ClassName=32原理图 Member=Component C61 105
Added Member To Class: ClassName=32原理图 Member=Component C62 4.7uf
Added Member To Class: ClassName=32原理图 Member=Component C63 2.2uf
Added Member To Class: ClassName=32原理图 Member=Component C64 104
Added Member To Class: ClassName=32原理图 Member=Component C65 105
Added Member To Class: ClassName=32原理图 Member=Component C66 106/3V3
Added Member To Class: ClassName=32原理图 Member=Component C71 104
Added Member To Class: ClassName=32原理图 Member=Component C72 104
Added Member To Class: ClassName=32原理图 Member=Component C73 104
Added Member To Class: ClassName=32原理图 Member=Component C74 104
Added Member To Class: ClassName=32原理图 Member=Component D1 1N5819
Added Member To Class: ClassName=32原理图 Member=Component D2 1N5819
Added Member To Class: ClassName=32原理图 Member=Component F4 500mA
Added Member To Class: ClassName=32原理图 Member=Component L30 4.7uH
Added Member To Class: ClassName=32原理图 Member=Component LED1 Red
Added Member To Class: ClassName=32原理图 Member=Component LED2 Red
Added Member To Class: ClassName=32原理图 Member=Component LED3 Red
Added Member To Class: ClassName=32原理图 Member=Component LED4 Red
Added Member To Class: ClassName=32原理图 Member=Component OP-U2 TLV2462
Added Member To Class: ClassName=32原理图 Member=Component P1 蓝牙
Added Member To Class: ClassName=32原理图 Member=Component P2 陀螺仪、编码器
Added Member To Class: ClassName=32原理图 Member=Component P3 运放
Added Member To Class: ClassName=32原理图 Member=Component P4 启动模式
Added Member To Class: ClassName=32原理图 Member=Component Q1 NMOS-2
Added Member To Class: ClassName=32原理图 Member=Component Q2 NMOS-2
Added Member To Class: ClassName=32原理图 Member=Component Q3 NMOS-2
Added Member To Class: ClassName=32原理图 Member=Component Q4 NMOS-2
Added Member To Class: ClassName=32原理图 Member=Component Q5 NMOS-2
Added Member To Class: ClassName=32原理图 Member=Component Q6 NMOS-2
Added Member To Class: ClassName=32原理图 Member=Component Q7 NMOS-2
Added Member To Class: ClassName=32原理图 Member=Component Q8 NMOS-2
Added Member To Class: ClassName=32原理图 Member=Component Q50 NPN
Added Member To Class: ClassName=32原理图 Member=Component R1 4R7
Added Member To Class: ClassName=32原理图 Member=Component R2 10K
Added Member To Class: ClassName=32原理图 Member=Component R3 10K
Added Member To Class: ClassName=32原理图 Member=Component R4 4R7
Added Member To Class: ClassName=32原理图 Member=Component R5 4R7
Added Member To Class: ClassName=32原理图 Member=Component R6 4R7
Added Member To Class: ClassName=32原理图 Member=Component R7 20K
Added Member To Class: ClassName=32原理图 Member=Component R8 22K
Added Member To Class: ClassName=32原理图 Member=Component R9 10K
Added Member To Class: ClassName=32原理图 Member=Component R10 4R7
Added Member To Class: ClassName=32原理图 Member=Component R11 10K
Added Member To Class: ClassName=32原理图 Member=Component R12 10K
Added Member To Class: ClassName=32原理图 Member=Component R13 4R7
Added Member To Class: ClassName=32原理图 Member=Component R14 4R7
Added Member To Class: ClassName=32原理图 Member=Component R15 4R7
Added Member To Class: ClassName=32原理图 Member=Component R16 20K
Added Member To Class: ClassName=32原理图 Member=Component R17 22K
Added Member To Class: ClassName=32原理图 Member=Component R18 10K
Added Member To Class: ClassName=32原理图 Member=Component R30 20
Added Member To Class: ClassName=32原理图 Member=Component R31 20K
Added Member To Class: ClassName=32原理图 Member=Component R32 40.2K
Added Member To Class: ClassName=32原理图 Member=Component R33 75K
Added Member To Class: ClassName=32原理图 Member=Component R34 7.5K
Added Member To Class: ClassName=32原理图 Member=Component R35 100K
Added Member To Class: ClassName=32原理图 Member=Component R36 0
Added Member To Class: ClassName=32原理图 Member=Component R37 10k
Added Member To Class: ClassName=32原理图 Member=Component R38 0
Added Member To Class: ClassName=32原理图 Member=Component R41 10K
Added Member To Class: ClassName=32原理图 Member=Component R42 4.7K
Added Member To Class: ClassName=32原理图 Member=Component R43 4.7K
Added Member To Class: ClassName=32原理图 Member=Component R44 4.7K
Added Member To Class: ClassName=32原理图 Member=Component R50 10K
Added Member To Class: ClassName=32原理图 Member=Component R51 10K
Added Member To Class: ClassName=32原理图 Member=Component R52 1K
Added Member To Class: ClassName=32原理图 Member=Component R53 1K
Added Member To Class: ClassName=32原理图 Member=Component R60 910k
Added Member To Class: ClassName=32原理图 Member=Component R71 Res1
Added Member To Class: ClassName=32原理图 Member=Component R72 Res1
Added Member To Class: ClassName=32原理图 Member=Component R73 Res1
Added Member To Class: ClassName=32原理图 Member=Component R74 Res1
Added Member To Class: ClassName=32原理图 Member=Component R75 Res1
Added Member To Class: ClassName=32原理图 Member=Component R76 Res1
Added Member To Class: ClassName=32原理图 Member=Component R77 Res1
Added Member To Class: ClassName=32原理图 Member=Component R78 Res1
Added Member To Class: ClassName=32原理图 Member=Component S1 switch
Added Member To Class: ClassName=32原理图 Member=Component S50 SW-PB
Added Member To Class: ClassName=32原理图 Member=Component SPEAKER1 有源蜂鸣器
Added Member To Class: ClassName=32原理图 Member=Component U1 A4957
Added Member To Class: ClassName=32原理图 Member=Component U2 A4957
Added Member To Class: ClassName=32原理图 Member=Component U5 五向按键
Added Member To Class: ClassName=32原理图 Member=Component U6 TPS7333
Added Member To Class: ClassName=32原理图 Member=Component U9 oled
Added Member To Class: ClassName=32原理图 Member=Component U10 STM32F101CBT6
Added Member To Class: ClassName=32原理图 Member=Component U30 MP2315
Added Member To Class: ClassName=32原理图 Member=Component USB1 USB-5P
Added Member To Class: ClassName=32原理图 Member=Component USB2 USB-5P
Added Member To Class: ClassName=32原理图 Member=Component Y5 Frequency
Added Room: Name=32原理图
