Change Component Designator: Old Designator=12V-IN New Designator=2
Change Component Designator: Old Designator=AR1 New Designator=AR3
Change Component Designator: Old Designator=AR2 New Designator=AR4
Change Component Designator: Old Designator=B1 New Designator=B3
Change Component Designator: Old Designator=B2 New Designator=B4
Change Component Designator: Old Designator=C1 New Designator=C77
Change Component Designator: Old Designator=C2 New Designator=C78
Change Component Designator: Old Designator=C3 New Designator=C79
Change Component Designator: Old Designator=C4 New Designator=C80
Change Component Designator: Old Designator=C5 New Designator=C81
Change Component Designator: Old Designator=C6 New Designator=C82
Change Component Designator: Old Designator=C7 New Designator=C83
Change Component Designator: Old Designator=C8 New Designator=C88
Change Component Designator: Old Designator=C9 New Designator=C89
Change Component Designator: Old Designator=C10 New Designator=C90
Change Component Designator: Old Designator=C11 New Designator=C91
Change Component Designator: Old Designator=C12 New Designator=C92
Change Component Designator: Old Designator=C13 New Designator=C93
Change Component Designator: Old Designator=C14 New Designator=C94
Change Component Designator: Old Designator=C30 New Designator=C48
Change Component Designator: Old Designator=C31 New Designator=C49
Change Component Designator: Old Designator=C32 New Designator=C50
Change Component Designator: Old Designator=C33 New Designator=C51
Change Component Designator: Old Designator=C34 New Designator=C54
Change Component Designator: Old Designator=C35 New Designator=C57
Change Component Designator: Old Designator=C36 New Designator=C55
Change Component Designator: Old Designator=C37 New Designator=C56
Change Component Designator: Old Designator=C38 New Designator=C58
Change Component Designator: Old Designator=C39 New Designator=C52
Change Component Designator: Old Designator=C40 New Designator=C53
Change Component Designator: Old Designator=C41 New Designator=C61
Change Component Designator: Old Designator=C42 New Designator=C59
Change Component Designator: Old Designator=C43 New Designator=C60
Change Component Designator: Old Designator=C50 New Designator=C65
Change Component Designator: Old Designator=C51 New Designator=C72
Change Component Designator: Old Designator=C52 New Designator=C73
Change Component Designator: Old Designator=C53 New Designator=C74
Change Component Designator: Old Designator=C54 New Designator=C75
Change Component Designator: Old Designator=C55 New Designator=C76
Change Component Designator: Old Designator=C56 New Designator=C70
Change Component Designator: Old Designator=C57 New Designator=C71
Change Component Designator: Old Designator=C60 New Designator=C66
Change Component Designator: Old Designator=C61 New Designator=C67
Change Component Designator: Old Designator=C62 New Designator=C68
Change Component Designator: Old Designator=C63 New Designator=C69
Change Component Designator: Old Designator=C64 New Designator=C62
Change Component Designator: Old Designator=C65 New Designator=C63
Change Component Designator: Old Designator=C66 New Designator=C64
Change Component Designator: Old Designator=C71 New Designator=C84
Change Component Designator: Old Designator=C72 New Designator=C85
Change Component Designator: Old Designator=C73 New Designator=C86
Change Component Designator: Old Designator=C74 New Designator=C87
Change Component Designator: Old Designator=D1 New Designator=D3
Change Component Designator: Old Designator=D2 New Designator=D4
Change Component Designator: Old Designator=F4 New Designator=F2
Change Component Designator: Old Designator=L30 New Designator=L2
Change Component Designator: Old Designator=LED1 New Designator=LED5
Change Component Designator: Old Designator=LED2 New Designator=LED6
Change Component Designator: Old Designator=LED3 New Designator=LED7
Change Component Designator: Old Designator=LED4 New Designator=LED8
Change Component Designator: Old Designator=P1 New Designator=P6
Change Component Designator: Old Designator=P2 New Designator=P5
Change Component Designator: Old Designator=P3 New Designator=P8
Change Component Designator: Old Designator=P4 New Designator=P7
Change Component Designator: Old Designator=Q1 New Designator=Q10
Change Component Designator: Old Designator=Q2 New Designator=Q11
Change Component Designator: Old Designator=Q3 New Designator=Q12
Change Component Designator: Old Designator=Q4 New Designator=Q14
Change Component Designator: Old Designator=Q5 New Designator=Q15
Change Component Designator: Old Designator=Q6 New Designator=Q16
Change Component Designator: Old Designator=Q7 New Designator=Q17
Change Component Designator: Old Designator=Q8 New Designator=Q18
Change Component Designator: Old Designator=Q50 New Designator=Q13
Change Component Designator: Old Designator=R1 New Designator=R57
Change Component Designator: Old Designator=R2 New Designator=R62
Change Component Designator: Old Designator=R3 New Designator=R63
Change Component Designator: Old Designator=R4 New Designator=R64
Change Component Designator: Old Designator=R5 New Designator=R66
Change Component Designator: Old Designator=R6 New Designator=R67
Change Component Designator: Old Designator=R7 New Designator=R68
Change Component Designator: Old Designator=R8 New Designator=R69
Change Component Designator: Old Designator=R9 New Designator=R71
Change Component Designator: Old Designator=R10 New Designator=R77
Change Component Designator: Old Designator=R11 New Designator=R81
Change Component Designator: Old Designator=R12 New Designator=R82
Change Component Designator: Old Designator=R13 New Designator=R83
Change Component Designator: Old Designator=R14 New Designator=R84
Change Component Designator: Old Designator=R15 New Designator=R85
Change Component Designator: Old Designator=R16 New Designator=R86
Change Component Designator: Old Designator=R17 New Designator=R87
Change Component Designator: Old Designator=R18 New Designator=R88
Change Component Designator: Old Designator=R30 New Designator=R45
Change Component Designator: Old Designator=R31 New Designator=R47
Change Component Designator: Old Designator=R32 New Designator=R48
Change Component Designator: Old Designator=R33 New Designator=R49
Change Component Designator: Old Designator=R34 New Designator=R50
Change Component Designator: Old Designator=R35 New Designator=R52
Change Component Designator: Old Designator=R36 New Designator=R51
Change Component Designator: Old Designator=R37 New Designator=R53
Change Component Designator: Old Designator=R38 New Designator=R46
Change Component Designator: Old Designator=R41 New Designator=R58
Change Component Designator: Old Designator=R42 New Designator=R59
Change Component Designator: Old Designator=R43 New Designator=R60
Change Component Designator: Old Designator=R44 New Designator=R61
Change Component Designator: Old Designator=R50 New Designator=R55
Change Component Designator: Old Designator=R51 New Designator=R56
Change Component Designator: Old Designator=R52 New Designator=R65
Change Component Designator: Old Designator=R53 New Designator=R70
Change Component Designator: Old Designator=R60 New Designator=R54
Change Component Designator: Old Designator=R71 New Designator=R72
Change Component Designator: Old Designator=R72 New Designator=R73
Change Component Designator: Old Designator=R73 New Designator=R74
Change Component Designator: Old Designator=R74 New Designator=R76
Change Component Designator: Old Designator=R76 New Designator=R79
Change Component Designator: Old Designator=R77 New Designator=R78
Change Component Designator: Old Designator=R78 New Designator=R80
Change Component Designator: Old Designator=S1 New Designator=S3
Change Component Designator: Old Designator=S50 New Designator=S4
Change Component Designator: Old Designator=SPEAKER1 New Designator=SPEAKER2
Change Component Designator: Old Designator=U1 New Designator=U12
Change Component Designator: Old Designator=U2 New Designator=U14
Change Component Designator: Old Designator=U5 New Designator=U13
Change Component Designator: Old Designator=U6 New Designator=U11
Change Component Designator: Old Designator=U9 New Designator=U10
Change Component Designator: Old Designator=U10 New Designator=U8
Change Component Designator: Old Designator=U30 New Designator=U9
Change Component Designator: Old Designator=USB1 New Designator=USB3
Change Component Designator: Old Designator=USB2 New Designator=USB4
Change Component Designator: Old Designator=Y5 New Designator=Y2
