Removed Pin From Net: NetName=NetQ3_1 Pin=Q103-1
Removed Pin From Net: NetName=12V Pin=Q103-2
Removed Pin From Net: NetName=SB-1 Pin=Q103-3
Removed Pin From Net: NetName=NetQ5_1 Pin=Q105-1
Removed Pin From Net: NetName=12V Pin=Q105-2
Removed Pin From Net: NetName=SA-2 Pin=Q105-3
Removed Pin From Net: NetName=NetQ7_1 Pin=Q107-1
Removed Pin From Net: NetName=12V Pin=Q107-2
Removed Pin From Net: NetName=SB-2 Pin=Q107-3
Change Component Footprint: Designator=B1 Old Footprint=RAD-0.4 New Footprint=电机接口 - duplicate
Change Component Footprint: Designator=B2 Old Footprint=RAD-0.4 New Footprint=电机接口 - duplicate
Added Component: Designator=Q3(IR7843-mg)
Added Component: Designator=Q5(IR7843-mg)
Added Component: Designator=Q7(IR7843-mg)
Added Component: Designator=S1(3脚3A开关-立)
Added Pin To Net: NetName=NetQ3_1 Pin=Q3-1
Added Pin To Net: NetName=12V Pin=Q3-2
Added Pin To Net: NetName=SB-1 Pin=Q3-3
Added Pin To Net: NetName=NetQ5_1 Pin=Q5-1
Added Pin To Net: NetName=12V Pin=Q5-2
Added Pin To Net: NetName=SA-2 Pin=Q5-3
Added Pin To Net: NetName=NetQ7_1 Pin=Q7-1
Added Pin To Net: NetName=12V Pin=Q7-2
Added Pin To Net: NetName=SB-2 Pin=Q7-3
Added Pin To Net: NetName=12V Pin=S1-1
Added Pin To Net: NetName=Net12V-IN_1 Pin=S1-2
Added Member To Class: ClassName=32原理图 Member=Component B1 Motor Servo
Added Member To Class: ClassName=32原理图 Member=Component B2 Motor Servo
Added Member To Class: ClassName=32原理图 Member=Component C1 107/12V
Added Member To Class: ClassName=32原理图 Member=Component C2 470nF
Added Member To Class: ClassName=32原理图 Member=Component C3 104
Added Member To Class: ClassName=32原理图 Member=Component C4 105/12V
Added Member To Class: ClassName=32原理图 Member=Component C5 106/12V
Added Member To Class: ClassName=32原理图 Member=Component C6 104
Added Member To Class: ClassName=32原理图 Member=Component C7 105/12V
Added Member To Class: ClassName=32原理图 Member=Component C8 107/12V
Added Member To Class: ClassName=32原理图 Member=Component C9 470nF
Added Member To Class: ClassName=32原理图 Member=Component C10 104
Added Member To Class: ClassName=32原理图 Member=Component C11 105/12V
Added Member To Class: ClassName=32原理图 Member=Component C12 106/12V
Added Member To Class: ClassName=32原理图 Member=Component C13 104
Added Member To Class: ClassName=32原理图 Member=Component C14 105/12V
Added Member To Class: ClassName=32原理图 Member=Component D1 1N5819
Added Member To Class: ClassName=32原理图 Member=Component D2 1N5819
Added Member To Class: ClassName=32原理图 Member=Component LED1 Red
Added Member To Class: ClassName=32原理图 Member=Component Q1 NMOS-2
Added Member To Class: ClassName=32原理图 Member=Component Q2 NMOS-2
Added Member To Class: ClassName=32原理图 Member=Component Q3 NMOS-2
Added Member To Class: ClassName=32原理图 Member=Component Q4 NMOS-2
Added Member To Class: ClassName=32原理图 Member=Component Q5 NMOS-2
Added Member To Class: ClassName=32原理图 Member=Component Q6 NMOS-2
Added Member To Class: ClassName=32原理图 Member=Component Q7 NMOS-2
Added Member To Class: ClassName=32原理图 Member=Component Q8 NMOS-2
Added Member To Class: ClassName=32原理图 Member=Component R1 4R7
Added Member To Class: ClassName=32原理图 Member=Component R2 10K
Added Member To Class: ClassName=32原理图 Member=Component R3 10K
Added Member To Class: ClassName=32原理图 Member=Component R4 4R7
Added Member To Class: ClassName=32原理图 Member=Component R5 4R7
Added Member To Class: ClassName=32原理图 Member=Component R6 4R7
Added Member To Class: ClassName=32原理图 Member=Component R7 20K
Added Member To Class: ClassName=32原理图 Member=Component R8 22K
Added Member To Class: ClassName=32原理图 Member=Component R9 10K
Added Member To Class: ClassName=32原理图 Member=Component R10 4R7
Added Member To Class: ClassName=32原理图 Member=Component R11 10K
Added Member To Class: ClassName=32原理图 Member=Component R12 10K
Added Member To Class: ClassName=32原理图 Member=Component R13 4R7
Added Member To Class: ClassName=32原理图 Member=Component R14 4R7
Added Member To Class: ClassName=32原理图 Member=Component R15 4R7
Added Member To Class: ClassName=32原理图 Member=Component R16 20K
Added Member To Class: ClassName=32原理图 Member=Component R17 22K
Added Member To Class: ClassName=32原理图 Member=Component R18 10K
Added Member To Class: ClassName=32原理图 Member=Component S1 switch
Added Member To Class: ClassName=32原理图 Member=Component U1 A4957
Added Member To Class: ClassName=32原理图 Member=Component U2 A4957
Added Room: Name=32原理图
