Removed Pin From Net: NetName=A-5V Pin=C39-1
Removed Pin From Net: NetName=A-5V Pin=C40-2
Removed Pin From Net: NetName=D-GND Pin=C41-2
Removed Pin From Net: NetName=D-GND Pin=C42-1
Removed Pin From Net: NetName=3V3 Pin=C42-2
Removed Pin From Net: NetName=D-GND Pin=C43-1
Removed Pin From Net: NetName=3V3 Pin=C43-2
Removed Pin From Net: NetName=D-GND Pin=C62-2
Removed Pin From Net: NetName=D-GND Pin=C63-2
Removed Pin From Net: NetName=C-3V3 Pin=C64-1
Removed Pin From Net: NetName=D-GND Pin=C64-2
Removed Pin From Net: NetName=C-3V3 Pin=C65-1
Removed Pin From Net: NetName=D-GND Pin=C65-2
Removed Pin From Net: NetName=C-3V3 Pin=C66-1
Removed Pin From Net: NetName=D-GND Pin=C66-2
Removed Pin From Net: NetName=3V3 Pin=F4-2
Removed Pin From Net: NetName=D-GND Pin=LED3-2
Removed Pin From Net: NetName=D-GND Pin=P1-3
Removed Pin From Net: NetName=C-3V3 Pin=P1-4
Removed Pin From Net: NetName=C-3V3 Pin=Q50-3
Removed Pin From Net: NetName=C-3V3 Pin=R43-2
Removed Pin From Net: NetName=C-3V3 Pin=R44-2
Removed Pin From Net: NetName=D-GND Pin=R60-1
Removed Pin From Net: NetName=D-GND Pin=SPEAKER1-2
Removed Pin From Net: NetName=D-GND Pin=U6-1
Removed Pin From Net: NetName=D-GND Pin=U6-2
Removed Pin From Net: NetName=3V3 Pin=U6-5
Removed Pin From Net: NetName=3V3 Pin=U6-6
Removed Pin From Net: NetName=3V3 Pin=U6-7
Removed Pin From Net: NetName=D-GND Pin=U9-1
Removed Pin From Net: NetName=C-3V3 Pin=U9-6
Removed Pin From Net: NetName=D-GND Pin=U9-8
Removed Pin From Net: NetName=C-3V3 Pin=U9-9
Removed Pin From Net: NetName=D-GND Pin=U9-10
Removed Pin From Net: NetName=D-GND Pin=U9-11
Removed Pin From Net: NetName=D-GND Pin=U9-12
Removed Pin From Net: NetName=D-GND Pin=U9-13
Removed Pin From Net: NetName=D-GND Pin=U9-16
Removed Pin From Net: NetName=D-GND Pin=U9-17
Removed Pin From Net: NetName=D-GND Pin=U9-21
Removed Pin From Net: NetName=D-GND Pin=U9-22
Removed Pin From Net: NetName=D-GND Pin=U9-23
Removed Pin From Net: NetName=D-GND Pin=U9-24
Removed Pin From Net: NetName=D-GND Pin=U9-25
Removed Pin From Net: NetName=D-GND Pin=U9-29
Removed Pin From Net: NetName=D-GND Pin=U9-30
Removed Pin From Net: NetName=C-3V3 Pin=USB1-1
Removed Pin From Net: NetName=D-GND Pin=USB1-5
Removed Pin From Net: NetName=C-3V3 Pin=USB2-1
Removed Pin From Net: NetName=D-GND Pin=USB2-5
Added Component: Designator=C102(CAPC1608[0603])
Added Component: Designator=D100(LED-0603)
Added Component: Designator=D101(LED-0603)
Added Component: Designator=U100(SOIC8)
Added Pin To Net: NetName=C-3V3 Pin=C39-1
Added Pin To Net: NetName=C-3V3 Pin=C40-2
Added Pin To Net: NetName=A-GND Pin=C41-2
Added Pin To Net: NetName=A-GND Pin=C42-1
Added Pin To Net: NetName=C-3V3 Pin=C42-2
Added Pin To Net: NetName=A-GND Pin=C43-1
Added Pin To Net: NetName=C-3V3 Pin=C43-2
Added Pin To Net: NetName=A-GND Pin=C62-2
Added Pin To Net: NetName=A-GND Pin=C63-2
Added Pin To Net: NetName=3V3 Pin=C64-1
Added Pin To Net: NetName=A-GND Pin=C64-2
Added Pin To Net: NetName=3V3 Pin=C65-1
Added Pin To Net: NetName=A-GND Pin=C65-2
Added Pin To Net: NetName=3V3 Pin=C66-1
Added Pin To Net: NetName=A-GND Pin=C66-2
Added Pin To Net: NetName=3V3 Pin=C102-1
Added Pin To Net: NetName=A-GND Pin=C102-2
Added Pin To Net: NetName=C-3V3 Pin=F4-2
Added Pin To Net: NetName=A-GND Pin=LED3-2
Added Pin To Net: NetName=A-GND Pin=P1-3
Added Pin To Net: NetName=3V3 Pin=P1-4
Added Pin To Net: NetName=3V3 Pin=Q50-3
Added Pin To Net: NetName=3V3 Pin=R43-2
Added Pin To Net: NetName=3V3 Pin=R44-2
Added Pin To Net: NetName=A-GND Pin=R60-1
Added Pin To Net: NetName=A-GND Pin=SPEAKER1-2
Added Pin To Net: NetName=A-GND Pin=U6-1
Added Pin To Net: NetName=A-GND Pin=U6-2
Added Pin To Net: NetName=C-3V3 Pin=U6-5
Added Pin To Net: NetName=C-3V3 Pin=U6-6
Added Pin To Net: NetName=C-3V3 Pin=U6-7
Added Pin To Net: NetName=A-GND Pin=U9-1
Added Pin To Net: NetName=3V3 Pin=U9-6
Added Pin To Net: NetName=A-GND Pin=U9-8
Added Pin To Net: NetName=3V3 Pin=U9-9
Added Pin To Net: NetName=A-GND Pin=U9-10
Added Pin To Net: NetName=A-GND Pin=U9-11
Added Pin To Net: NetName=A-GND Pin=U9-12
Added Pin To Net: NetName=A-GND Pin=U9-13
Added Pin To Net: NetName=A-GND Pin=U9-16
Added Pin To Net: NetName=A-GND Pin=U9-17
Added Pin To Net: NetName=A-GND Pin=U9-21
Added Pin To Net: NetName=A-GND Pin=U9-22
Added Pin To Net: NetName=A-GND Pin=U9-23
Added Pin To Net: NetName=A-GND Pin=U9-24
Added Pin To Net: NetName=A-GND Pin=U9-25
Added Pin To Net: NetName=A-GND Pin=U9-29
Added Pin To Net: NetName=A-GND Pin=U9-30
Added Pin To Net: NetName=A-GND Pin=U100-1
Added Pin To Net: NetName=A-GND Pin=U100-2
Added Pin To Net: NetName=A-5V Pin=U100-3
Added Pin To Net: NetName=A-5V Pin=U100-4
Added Pin To Net: NetName=3V3 Pin=U100-5
Added Pin To Net: NetName=3V3 Pin=U100-6
Added Pin To Net: NetName=3V3 Pin=U100-7
Added Pin To Net: NetName=A-GND Pin=USB1-5
Added Pin To Net: NetName=A-GND Pin=USB2-5
Change Net Name : Old Net Name=3V3 New Net Name=A-3V3
Added Pin To Net: NetName=IN-3V3 Pin=USB1-1
Added Pin To Net: NetName=IN-3V3 Pin=USB2-1
Added Net: Name=IN-3V3
Added Member To Class: ClassName=32原理图 Member=Component C102 Cap Pol2
Added Member To Class: ClassName=32原理图 Member=Component D100 1N4148
Added Member To Class: ClassName=32原理图 Member=Component D101 1N4148
Added Member To Class: ClassName=32原理图 Member=Component U100 TPS7333
